[2021-03-03 14:10:56.045] [exthost] [info] extension host started
[2021-03-03 14:10:56.074] [exthost] [info] ExtensionService#_doActivateExtension vscode.microsoft-authentication {"startup":false,"extensionId":{"value":"vscode.microsoft-authentication","_lower":"vscode.microsoft-authentication"},"activationEvent":"onAuthenticationRequest:microsoft"}
[2021-03-03 14:10:56.074] [exthost] [info] ExtensionService#loadCommonJSModule file:///opt/visual-studio-code/resources/app/extensions/microsoft-authentication/dist/extension.js
[2021-03-03 14:10:56.081] [exthost] [info] ExtensionService#_doActivateExtension vscode.debug-auto-launch {"startup":true,"extensionId":{"value":"vscode.debug-auto-launch","_lower":"vscode.debug-auto-launch"},"activationEvent":"*"}
[2021-03-03 14:10:56.081] [exthost] [info] ExtensionService#loadCommonJSModule file:///opt/visual-studio-code/resources/app/extensions/debug-auto-launch/dist/extension
[2021-03-03 14:10:56.085] [exthost] [info] ExtensionService#_doActivateExtension vscode.git {"startup":true,"extensionId":{"value":"vscode.github","_lower":"vscode.github"},"activationEvent":"*"}
[2021-03-03 14:10:56.085] [exthost] [info] ExtensionService#loadCommonJSModule file:///opt/visual-studio-code/resources/app/extensions/git/dist/main
[2021-03-03 14:10:56.096] [exthost] [info] ExtensionService#_doActivateExtension ecmel.vscode-html-css {"startup":true,"extensionId":{"value":"ecmel.vscode-html-css","_lower":"ecmel.vscode-html-css"},"activationEvent":"*"}
[2021-03-03 14:10:56.096] [exthost] [info] ExtensionService#loadCommonJSModule file:///home/maky/.vscode/extensions/ecmel.vscode-html-css-1.10.2/dist/extension.js
[2021-03-03 14:10:56.106] [exthost] [info] ExtensionService#_doActivateExtension ritwickdey.LiveServer {"startup":true,"extensionId":{"value":"ritwickdey.LiveServer","_lower":"ritwickdey.liveserver"},"activationEvent":"*"}
[2021-03-03 14:10:56.106] [exthost] [info] ExtensionService#loadCommonJSModule file:///home/maky/.vscode/extensions/ritwickdey.liveserver-5.6.1/out/src/extension
[2021-03-03 14:10:56.355] [exthost] [info] ExtensionService#_doActivateExtension vscodevim.vim {"startup":true,"extensionId":{"value":"vscodevim.vim","_lower":"vscodevim.vim"},"activationEvent":"*"}
[2021-03-03 14:10:56.355] [exthost] [info] ExtensionService#loadCommonJSModule file:///home/maky/.vscode/extensions/vscodevim.vim-1.18.9/out/extension
[2021-03-03 14:10:56.398] [exthost] [info] ExtensionService#_doActivateExtension felixfbecker.php-intellisense {"startup":true,"extensionId":{"value":"felixfbecker.php-intellisense","_lower":"felixfbecker.php-intellisense"},"activationEvent":"workspaceContains:**/*.php"}
[2021-03-03 14:10:56.398] [exthost] [info] ExtensionService#loadCommonJSModule file:///home/maky/.vscode/extensions/felixfbecker.php-intellisense-2.3.14/out/extension
[2021-03-03 14:10:56.520] [exthost] [info] ExtensionService#_doActivateExtension vscode.github {"startup":true,"extensionId":{"value":"vscode.github","_lower":"vscode.github"},"activationEvent":"*"}
[2021-03-03 14:10:56.520] [exthost] [info] ExtensionService#loadCommonJSModule file:///opt/visual-studio-code/resources/app/extensions/github/dist/extension.js
[2021-03-03 14:10:56.532] [exthost] [info] ExtensionService#_doActivateExtension ms-vscode.js-debug {"startup":false,"extensionId":{"value":"ms-vscode.js-debug","_lower":"ms-vscode.js-debug"},"activationEvent":"onCommand:extension.js-debug.clearAutoAttachVariables"}
[2021-03-03 14:10:56.532] [exthost] [info] ExtensionService#loadCommonJSModule file:///opt/visual-studio-code/resources/app/extensions/ms-vscode.js-debug/src/extension.js
[2021-03-03 14:10:56.587] [exthost] [info] eager extensions activated
[2021-03-03 14:10:56.590] [exthost] [info] ExtensionService#_doActivateExtension vscode.emmet {"startup":false,"extensionId":{"value":"vscode.emmet","_lower":"vscode.emmet"},"activationEvent":"onStartupFinished"}
[2021-03-03 14:10:56.590] [exthost] [info] ExtensionService#loadCommonJSModule file:///opt/visual-studio-code/resources/app/extensions/emmet/dist/node/emmetNodeMain
[2021-03-03 14:10:56.593] [exthost] [info] ExtensionService#_doActivateExtension vscode.merge-conflict {"startup":false,"extensionId":{"value":"vscode.merge-conflict","_lower":"vscode.merge-conflict"},"activationEvent":"onStartupFinished"}
[2021-03-03 14:10:56.593] [exthost] [info] ExtensionService#loadCommonJSModule file:///opt/visual-studio-code/resources/app/extensions/merge-conflict/dist/mergeConflictMain
[2021-03-03 14:10:56.596] [exthost] [info] ExtensionService#_doActivateExtension vscode.testing-editor-contributions {"startup":false,"extensionId":{"value":"vscode.testing-editor-contributions","_lower":"vscode.testing-editor-contributions"},"activationEvent":"onStartupFinished"}
[2021-03-03 14:10:56.596] [exthost] [info] ExtensionService#loadCommonJSModule file:///opt/visual-studio-code/resources/app/extensions/testing-editor-contributions/dist/extension.js
[2021-03-03 14:10:56.597] [exthost] [info] ExtensionService#_doActivateExtension dbaeumer.vscode-eslint {"startup":false,"extensionId":{"value":"dbaeumer.vscode-eslint","_lower":"dbaeumer.vscode-eslint"},"activationEvent":"onStartupFinished"}
[2021-03-03 14:10:56.597] [exthost] [info] ExtensionService#loadCommonJSModule file:///home/maky/.vscode/extensions/dbaeumer.vscode-eslint-2.1.14/client/out/extension
[2021-03-03 14:10:56.604] [exthost] [info] ExtensionService#_doActivateExtension esbenp.prettier-vscode {"startup":false,"extensionId":{"value":"esbenp.prettier-vscode","_lower":"esbenp.prettier-vscode"},"activationEvent":"onStartupFinished"}
[2021-03-03 14:10:56.604] [exthost] [info] ExtensionService#loadCommonJSModule file:///home/maky/.vscode/extensions/esbenp.prettier-vscode-5.9.2/dist/extension
[2021-03-03 14:10:56.671] [exthost] [info] ExtensionService#_doActivateExtension vscode.github-authentication {"startup":false,"extensionId":{"value":"vscode.github-authentication","_lower":"vscode.github-authentication"},"activationEvent":"onAuthenticationRequest:github"}
[2021-03-03 14:10:56.671] [exthost] [info] ExtensionService#loadCommonJSModule file:///opt/visual-studio-code/resources/app/extensions/github-authentication/dist/extension.js
[2021-03-03 14:11:10.257] [exthost] [info] ExtensionService#_doActivateExtension vscode.html-language-features {"startup":false,"extensionId":{"value":"vscode.html-language-features","_lower":"vscode.html-language-features"},"activationEvent":"onLanguage:html"}
[2021-03-03 14:11:10.257] [exthost] [info] ExtensionService#loadCommonJSModule file:///opt/visual-studio-code/resources/app/extensions/html-language-features/client/dist/node/htmlClientMain
[2021-03-03 14:11:30.667] [exthost] [info] ExtensionService#_doActivateExtension vscode.configuration-editing {"startup":false,"extensionId":{"value":"vscode.configuration-editing","_lower":"vscode.configuration-editing"},"activationEvent":"onLanguage:json"}
[2021-03-03 14:11:30.667] [exthost] [info] ExtensionService#loadCommonJSModule file:///opt/visual-studio-code/resources/app/extensions/configuration-editing/dist/configurationEditingMain
[2021-03-03 14:11:30.670] [exthost] [info] ExtensionService#_doActivateExtension vscode.extension-editing {"startup":false,"extensionId":{"value":"vscode.extension-editing","_lower":"vscode.extension-editing"},"activationEvent":"onLanguage:json"}
[2021-03-03 14:11:30.670] [exthost] [info] ExtensionService#loadCommonJSModule file:///opt/visual-studio-code/resources/app/extensions/extension-editing/dist/extensionEditingMain
[2021-03-03 14:11:30.678] [exthost] [info] ExtensionService#_doActivateExtension vscode.json-language-features {"startup":false,"extensionId":{"value":"vscode.json-language-features","_lower":"vscode.json-language-features"},"activationEvent":"onLanguage:json"}
[2021-03-03 14:11:30.679] [exthost] [info] ExtensionService#loadCommonJSModule file:///opt/visual-studio-code/resources/app/extensions/json-language-features/client/dist/node/jsonClientMain
[2021-03-03 14:11:30.689] [exthost] [info] ExtensionService#_doActivateExtension vscode.npm {"startup":false,"extensionId":{"value":"vscode.npm","_lower":"vscode.npm"},"activationEvent":"onLanguage:json"}
[2021-03-03 14:11:30.689] [exthost] [info] ExtensionService#loadCommonJSModule file:///opt/visual-studio-code/resources/app/extensions/npm/dist/npmMain
[2021-03-03 14:11:54.440] [exthost] [info] ExtensionService#_doActivateExtension zhuangtongfa.material-theme {"startup":false,"extensionId":{"value":"zhuangtongfa.material-theme","_lower":"zhuangtongfa.material-theme"},"activationEvent":"*"}
[2021-03-03 14:11:54.440] [exthost] [info] ExtensionService#loadCommonJSModule file:///home/maky/.vscode/extensions/zhuangtongfa.material-theme-3.9.15/out/extension.js
[2021-03-03 14:12:04.296] [exthost] [info] ExtensionService#_doActivateExtension vscode.typescript-language-features {"startup":false,"extensionId":{"value":"vscode.typescript-language-features","_lower":"vscode.typescript-language-features"},"activationEvent":"onLanguage:jsonc"}
[2021-03-03 14:12:04.296] [exthost] [info] ExtensionService#loadCommonJSModule file:///opt/visual-studio-code/resources/app/extensions/typescript-language-features/dist/extension
[2021-03-03 14:14:04.853] [exthost] [info] extension host terminating: received terminate message from renderer
[2021-03-03 14:14:05.874] [exthost] [info] exiting with code 0
